belle
belle
élevée
fine
onduleuse
élégante
majestueux
majestueuse
gracieux
gracieuse
forte
vigoureuse
vigoureux
superbe
royal
royaux
souple
courte
étroit
étroite
ordinaire
droite
droit
svelte
brave
noble
médiocre
épaté
épatée
épaisse
épais
rudes
rude
maigre
maigres
joli
jolie
élancée
élancé
avantageuse
avantageux
monstrueux
monstrueuse
flexible
chétive
chétif
tendue
tendu
superbe
ronde
rond
redressée
redressé
séducteur
séductrice
de guêpe
exiguë
doux
douce
robuste
délicate
délicat
gonflée
gonflé
amincie
aminci
surnaturel
surnaturelle