adorable
Adorable
aesthetic
Aesthetic
angelic
Angelic
appealing
Appealing
attractive
Attractive
beautiful
Beautiful
breathtaking
Breathtaking
brilliant
Brilliant
captivating
Captivating
celebrated
classic
Classic
Cute
cute
Dazzling
dazzling
Delicate
delicate
Desirable
desirable
Harmonious
harmonious
Lovely
lovely
Majestic
majestic
Perfect
perfect
Pleasing
pleasing
Pretty
pretty
pure
Pure
Dreamy
dreamy
Elegant
elegant
Fair
fair
Fine
fine
Fragile
fragile
Good-looking
good-looking
Graceful
graceful
Ravishing
ravishing
Sophisticated
sophisticated
Sparkling
sparkling
Tasteful
tasteful
Unusual
unusual
vibrant
Vibrant
Well-formed
well-formed